[2024-04-18 14:45:37] [*] : Scanning port 5555
[2024-04-18 14:45:37] [*] : Sent bytes from port 0 with length 40 bytes.
[2024-04-18 14:45:37] [*] : Starting timer for port 5555
[2024-04-18 14:45:37] [*] : Receiving data for port 5555
[2024-04-18 14:45:47] [!] : Receive timed out for port 5555
[2024-04-18 14:45:47] [!] : Port 5555 timed out.
[2024-04-18 14:53:57] [INFO] : Scanning port 5555
[2024-04-18 14:53:57] [INFO] : Sent bytes from port 0 with length 40 bytes.
[2024-04-18 14:53:57] [INFO] : Starting timer for port 5555
[2024-04-18 14:53:57] [INFO] : Receiving data for port 5555
[2024-04-18 14:54:07] [WARNING] : Receive timed out for port 5555
[2024-04-18 14:54:07] [WARNING] : Port 5555 timed out.
[2024-04-18 14:56:05] [INFO] : Scanning port 5555
[2024-04-18 14:56:05] [INFO] : Sent bytes from port 0 with length 40 bytes.
[2024-04-18 14:56:05] [INFO] : Starting timer for port 5555
[2024-04-18 14:56:05] [INFO] : Receiving data for port 5555
[2024-04-18 14:56:15] [WARNING] : Receive timed out for port 5555
[2024-04-18 14:56:15] [WARNING] : Port 5555 timed out.
[2024-04-18 19:15:58] [INFO] : Scanning port 5555
[2024-04-18 19:15:58] [INFO] : Sent bytes from port 0 with length 40 bytes.
[2024-04-18 19:15:58] [INFO] : Starting timer for port 5555
[2024-04-18 19:15:58] [INFO] : Receiving data for port 5555
[2024-04-18 19:16:08] [WARNING] : Receive timed out for port 5555
[2024-04-18 19:16:08] [WARNING] : Port 5555 timed out.
[2024-04-18 19:16:35] [INFO] : Scanning port 5555
[2024-04-18 19:16:35] [INFO] : Sent bytes from port 0 with length 40 bytes.
[2024-04-18 19:16:35] [INFO] : Starting timer for port 5555
[2024-04-18 19:16:35] [INFO] : Receiving data for port 5555
[2024-04-18 19:16:45] [WARNING] : Receive timed out for port 5555
[2024-04-18 19:16:45] [WARNING] : Port 5555 timed out.
[2024-04-18 19:17:30] [INFO] : Scanning port 5555
[2024-04-18 19:17:30] [INFO] : Sent bytes from port 0 with length 40 bytes.
[2024-04-18 19:17:30] [INFO] : Starting timer for port 5555
[2024-04-18 19:17:30] [INFO] : Receiving data for port 5555
[2024-04-18 19:17:40] [WARNING] : Receive timed out for port 5555
[2024-04-18 19:17:40] [WARNING] : Port 5555 timed out.
[2024-04-18 19:19:33] [INFO] : Scanning port 5555
[2024-04-18 19:19:33] [INFO] : Sent bytes from port 0 with length 40 bytes.
[2024-04-18 19:19:33] [INFO] : Starting timer for port 5555
[2024-04-18 19:19:33] [INFO] : Receiving data for port 5555
[2024-04-18 19:19:43] [WARNING] : Receive timed out for port 5555
[2024-04-18 19:19:43] [WARNING] : Port 5555 timed out.
[2024-04-18 19:19:43] [INFO] : Marking port as FILTERED for port 5555
[2024-04-18 19:21:37] [INFO] : Scanning port 5555
[2024-04-18 19:21:37] [INFO] : Sent bytes from port 0 with length 40 bytes.
[2024-04-18 19:21:37] [INFO] : Starting timer for port 5555
[2024-04-18 19:21:37] [INFO] : Receiving data for port 5555
[2024-04-18 19:21:47] [WARNING] : Receive timed out for port 5555
[2024-04-18 19:21:47] [WARNING] : Port 5555 timed out.
[2024-04-18 19:21:47] [INFO] : Marking port as FILTERED for port 5555
[2024-04-18 19:21:47] [INFO] : Populating port info for port 5555
[2024-04-18 19:23:14] [INFO] : Scanning port 5555
[2024-04-18 19:23:14] [INFO] : Sent bytes from port 0 with length 40 bytes.
[2024-04-18 19:23:14] [INFO] : Starting timer for port 5555
[2024-04-18 19:23:14] [INFO] : Receiving data for port 5555
[2024-04-18 19:23:24] [WARNING] : Receive timed out for port 5555
[2024-04-18 19:23:24] [WARNING] : Port 5555 timed out.
[2024-04-18 19:23:24] [INFO] : Marking port as FILTERED for port 5555
[2024-04-18 19:23:24] [INFO] : Populating port info for port 5555
[2024-04-18 19:23:24] [INFO] : Port 5555 status: 0
[2024-04-18 19:24:32] [INFO] : Scanning port 5555
[2024-04-18 19:24:32] [INFO] : Sent bytes from port 0 with length 40 bytes.
[2024-04-18 19:24:32] [INFO] : Starting timer for port 5555
[2024-04-18 19:24:32] [INFO] : Receiving data for port 5555
[2024-04-18 19:24:46] [INFO] : Scanning port 5555
[2024-04-18 19:24:46] [INFO] : Sent bytes from port 0 with length 40 bytes.
[2024-04-18 19:24:46] [INFO] : Starting timer for port 5555
[2024-04-18 19:24:46] [INFO] : Receiving data for port 5555
[2024-04-18 19:24:56] [WARNING] : Receive timed out for port 5555
[2024-04-18 19:24:56] [WARNING] : Port 5555 timed out.
[2024-04-18 19:24:56] [INFO] : Marking port as FILTERED for port 5555
[2024-04-18 19:25:21] [INFO] : Scanning port 5555
[2024-04-18 19:25:21] [INFO] : Sent bytes from port 0 with length 40 bytes.
[2024-04-18 19:25:21] [INFO] : Starting timer for port 5555
[2024-04-18 19:25:21] [INFO] : Receiving data for port 5555
[2024-04-18 19:25:36] [INFO] : Scanning port 5555
[2024-04-18 19:25:36] [INFO] : Sent bytes from port 0 with length 40 bytes.
[2024-04-18 19:25:36] [INFO] : Starting timer for port 5555
[2024-04-18 19:25:36] [INFO] : Receiving data for port 5555
[2024-04-18 19:25:46] [WARNING] : Receive timed out for port 5555
[2024-04-18 19:25:46] [WARNING] : Port 5555 timed out.
[2024-04-18 19:25:46] [INFO] : Marking port as FILTERED for port 5555
[2024-04-18 19:25:46] [INFO] : Populating port info for port 5555 with status 2
[2024-04-18 19:28:20] [INFO] : Scanning port 5555
[2024-04-18 19:28:20] [INFO] : Sent bytes from port 0 with length 40 bytes.
[2024-04-18 19:28:20] [INFO] : Starting timer for port 5555
[2024-04-18 19:28:20] [INFO] : Receiving data for port 5555
[2024-04-18 19:28:30] [WARNING] : Receive timed out for port 5555
[2024-04-18 19:28:30] [WARNING] : Port 5555 timed out.
[2024-04-18 19:28:30] [INFO] : Marking port as FILTERED for port 5555
[2024-04-18 19:36:40] [INFO] : Scanning port 5555
[2024-04-18 19:36:40] [INFO] : Sent bytes from port 0 with length 40 bytes.
[2024-04-18 19:36:40] [INFO] : Starting timer for port 5555
[2024-04-18 19:36:40] [INFO] : Receiving data for port 5555
[2024-04-18 19:36:50] [WARNING] : Receive timed out for port 5555
[2024-04-18 19:36:50] [WARNING] : Port 5555 timed out.
[2024-04-18 19:36:50] [INFO] : Marking port as FILTERED for port 5555
[2024-04-18 19:39:45] [INFO] : Scanning port 5555
[2024-04-18 19:39:45] [INFO] : Sent bytes from port 0 with length 40 bytes.
[2024-04-18 19:39:45] [INFO] : Starting timer for port 5555
[2024-04-18 19:39:45] [INFO] : Receiving data for port 5555
[2024-04-18 19:40:53] [INFO] : Scanning port 5555
[2024-04-18 19:40:53] [INFO] : Sent bytes from port 0 with length 40 bytes.
[2024-04-18 19:40:53] [INFO] : Starting timer for port 5555
[2024-04-18 19:40:53] [INFO] : Receiving data for port 5555
[2024-04-18 19:41:03] [WARNING] : Receive timed out for port 5555
[2024-04-18 19:41:03] [WARNING] : Port 5555 timed out.
[2024-04-18 19:41:03] [INFO] : Marking port as FILTERED for port 5555
[2024-04-18 19:48:08] [INFO] : Scanning port 5555
[2024-04-18 19:48:08] [INFO] : Sent bytes from port 0 with length 40 bytes.
[2024-04-18 19:48:08] [INFO] : Starting timer for port 5555
[2024-04-18 19:48:08] [INFO] : Receiving data for port 5555
[2024-04-18 19:48:18] [WARNING] : Receive timed out for port 5555
[2024-04-18 19:48:18] [WARNING] : Port 5555 timed out.
[2024-04-18 19:48:18] [INFO] : Marking port as FILTERED for port 5555
[2024-04-18 19:52:48] [INFO] : Scanning port 5555
[2024-04-18 19:52:48] [INFO] : Sent bytes from port 0 with length 40 bytes.
[2024-04-18 19:52:48] [INFO] : Starting timer for port 5555
[2024-04-18 19:52:48] [INFO] : Receiving data for port 5555
[2024-04-18 19:52:58] [WARNING] : Port 5555 timed out.
[2024-04-18 19:52:58] [INFO] : Marking port as FILTERED for port 5555
[2024-04-18 20:02:49] [INFO] : Scanning port 5555
[2024-04-18 20:02:49] [INFO] : Sent bytes from port 0 with length 40 bytes.
[2024-04-18 20:02:49] [INFO] : Starting timer for port 5555
[2024-04-18 20:02:49] [INFO] : Receiving data for port 5555
[2024-04-18 20:02:59] [WARNING] : Port 5555 timed out.
[2024-04-18 20:02:59] [INFO] : Marking port as FILTERED for port 5555
[2024-04-18 20:06:00] [INFO] : Scanning port 5555
[2024-04-18 20:06:00] [INFO] : Sent bytes from port 0 with length 40 bytes.
[2024-04-18 20:06:00] [INFO] : Starting timer for port 5555
[2024-04-18 20:06:00] [INFO] : Receiving data for port 5555
[2024-04-19 16:37:19] [INFO] : Scanning port 5555
[2024-04-19 16:37:19] [INFO] : Sent bytes from port 0 with length 40 bytes.
[2024-04-19 16:37:19] [INFO] : Starting timer for port 5555
[2024-04-19 16:37:19] [INFO] : Receiving data for port 5555
[2024-04-19 16:37:29] [WARNING] : Port 5555 timed out.
[2024-04-19 16:37:29] [INFO] : Marking port as FILTERED for port 5555
[2024-04-19 16:42:21] [INFO] : Scanning port 5555
[2024-04-19 16:42:21] [INFO] : Sent bytes from port 0 with length 40 bytes.
[2024-04-19 16:42:21] [INFO] : Starting timer for port 5555
[2024-04-19 16:42:21] [INFO] : Receiving data for port 5555
[2024-04-19 16:42:52] [WARNING] : Port 5555 timed out.
[2024-04-19 16:42:52] [INFO] : Marking port as FILTERED for port 5555
[2024-04-19 16:43:22] [INFO] : Scanning port 5555
[2024-04-19 16:43:22] [INFO] : Sent bytes from port 0 with length 40 bytes.
[2024-04-19 16:43:22] [INFO] : Starting timer for port 5555
[2024-04-19 16:43:22] [INFO] : Receiving data for port 5555
[2024-04-19 16:43:32] [WARNING] : Port 5555 timed out.
[2024-04-19 16:43:32] [INFO] : Marking port as FILTERED for port 5555
[2024-04-19 16:44:43] [INFO] : Scanning port 5555
[2024-04-19 16:44:43] [INFO] : Sent bytes from port 0 with length 40 bytes.
[2024-04-19 16:44:43] [INFO] : Starting timer for port 5555
[2024-04-19 16:44:43] [INFO] : Receiving data for port 5555
[2024-04-19 16:44:53] [WARNING] : Port 5555 timed out.
[2024-04-19 16:44:53] [INFO] : Marking port as FILTERED for port 5555
[2024-04-19 16:45:45] [INFO] : Scanning port 5555
[2024-04-19 16:45:45] [INFO] : Sent bytes from port 0 with length 40 bytes.
[2024-04-19 16:45:45] [INFO] : Starting timer for port 5555
[2024-04-19 16:45:45] [INFO] : Receiving data for port 5555
[2024-04-19 16:45:55] [WARNING] : Port 5555 timed out.
[2024-04-19 16:45:55] [INFO] : Marking port as FILTERED for port 5555
[2024-04-20 17:40:26] [INFO] : Scanning port 5555
[2024-04-20 17:40:26] [INFO] : Sent bytes from port 0 with length 40 bytes.
[2024-04-20 17:40:26] [INFO] : Starting timer for port 5555
[2024-04-20 17:40:26] [INFO] : Receiving data for port 5555
[2024-04-20 17:40:36] [WARNING] : Port 5555 timed out.
[2024-04-20 17:40:36] [INFO] : Marking port as FILTERED for port 5555
[2024-04-20 17:43:33] [INFO] : Scanning port 5555
[2024-04-20 17:43:33] [INFO] : Sent bytes from port 0 with length 40 bytes.
[2024-04-20 17:43:33] [INFO] : Starting timer for port 5555
[2024-04-20 17:43:33] [INFO] : Receiving data for port 5555
[2024-04-20 17:43:43] [WARNING] : Port 5555 timed out.
[2024-04-20 17:43:43] [INFO] : Marking port as FILTERED for port 5555
[2024-04-20 17:45:40] [INFO] : Scanning port 5555
[2024-04-20 17:45:40] [INFO] : Sent bytes from port 0 with length 40 bytes.
[2024-04-20 17:45:40] [INFO] : Starting timer for port 5555
[2024-04-20 17:45:40] [INFO] : Receiving data for port 5555
[2024-04-20 17:45:50] [WARNING] : Port 5555 timed out.
[2024-04-20 17:45:50] [INFO] : Marking port as FILTERED for port 5555
[2024-04-20 17:46:24] [INFO] : Scanning port 5555
[2024-04-20 17:46:24] [INFO] : Sent bytes from port 0 with length 40 bytes.
[2024-04-20 17:46:24] [INFO] : Starting timer for port 5555
[2024-04-20 17:46:24] [INFO] : Receiving data for port 5555
[2024-04-20 17:46:34] [WARNING] : Port 5555 timed out.
[2024-04-20 17:46:34] [INFO] : Marking port as FILTERED for port 5555
[2024-04-20 17:47:15] [INFO] : Scanning port 5555
[2024-04-20 17:47:15] [INFO] : Sent bytes from port 0 with length 40 bytes.
[2024-04-20 17:47:15] [INFO] : Starting timer for port 5555
[2024-04-20 17:47:15] [INFO] : Receiving data for port 5555
[2024-04-20 17:47:25] [WARNING] : Port 5555 timed out.
[2024-04-20 17:47:25] [INFO] : Marking port as FILTERED for port 5555
[2024-04-20 17:47:37] [INFO] : Scanning port 5555
[2024-04-20 17:47:37] [INFO] : Sent bytes from port 0 with length 40 bytes.
[2024-04-20 17:47:37] [INFO] : Starting timer for port 5555
[2024-04-20 17:47:37] [INFO] : Receiving data for port 5555
[2024-04-20 17:47:47] [WARNING] : Port 5555 timed out.
[2024-04-20 17:47:47] [INFO] : Marking port as FILTERED for port 5555
[2024-04-20 17:48:04] [INFO] : Scanning port 5555
[2024-04-20 17:48:04] [INFO] : Sent bytes from port 0 with length 40 bytes.
[2024-04-20 17:48:04] [INFO] : Starting timer for port 5555
[2024-04-20 17:48:04] [INFO] : Receiving data for port 5555
[2024-04-20 17:48:14] [WARNING] : Port 5555 timed out.
[2024-04-20 17:48:14] [INFO] : Marking port as FILTERED for port 5555
[2024-04-20 17:48:32] [INFO] : Scanning port 5555
[2024-04-20 17:48:32] [INFO] : Sent bytes from port 0 with length 40 bytes.
[2024-04-20 17:48:32] [INFO] : Starting timer for port 5555
[2024-04-20 17:48:32] [INFO] : Receiving data for port 5555
[2024-04-20 17:48:50] [INFO] : Scanning port 5555
[2024-04-20 17:48:50] [INFO] : Sent bytes from port 0 with length 40 bytes.
[2024-04-20 17:48:50] [INFO] : Starting timer for port 5555
[2024-04-20 17:48:50] [INFO] : Receiving data for port 5555
[2024-04-20 17:49:00] [WARNING] : Port 5555 timed out.
[2024-04-20 17:49:00] [INFO] : Marking port as FILTERED for port 5555
[2024-04-20 17:54:42] [INFO] : Scanning port 5555
[2024-04-20 17:54:42] [INFO] : Sent bytes from port 0 with length 40 bytes.
[2024-04-20 17:54:42] [INFO] : Starting timer for port 5555
[2024-04-20 17:54:42] [INFO] : Receiving data for port 5555
[2024-04-20 17:54:52] [WARNING] : Port 5555 timed out.
[2024-04-20 17:54:52] [INFO] : Marking port as FILTERED for port 5555
[2024-04-20 17:56:04] [INFO] : Scanning port 5555
[2024-04-20 17:56:04] [INFO] : Sent bytes from port 0 with length 40 bytes.
[2024-04-20 17:56:04] [INFO] : Starting timer for port 5555
[2024-04-20 17:56:04] [INFO] : Receiving data for port 5555
[2024-04-20 17:56:14] [WARNING] : Port 5555 timed out.
[2024-04-20 17:56:14] [INFO] : Marking port as FILTERED for port 5555
[2024-04-20 17:57:16] [INFO] : Scanning port 5555
[2024-04-20 17:57:16] [INFO] : Sent bytes from port 0 with length 40 bytes.
[2024-04-20 17:57:16] [INFO] : Starting timer for port 5555
[2024-04-20 17:57:16] [INFO] : Receiving data for port 5555
[2024-04-20 17:57:26] [WARNING] : Port 5555 timed out.
[2024-04-20 17:57:26] [INFO] : Marking port as FILTERED for port 5555
[2024-04-20 17:58:38] [INFO] : Scanning port 5555
[2024-04-20 17:58:38] [INFO] : Sent bytes from port 0 with length 40 bytes.
[2024-04-20 17:58:38] [INFO] : Starting timer for port 5555
[2024-04-20 17:58:38] [INFO] : Receiving data for port 5555
[2024-04-20 17:58:48] [WARNING] : Port 5555 timed out.
[2024-04-20 17:58:48] [INFO] : Marking port as FILTERED for port 5555
[2024-04-20 18:04:04] [INFO] : Scanning port 5555
[2024-04-20 18:04:04] [INFO] : Sent bytes from port 0 with length 40 bytes.
[2024-04-20 18:04:04] [INFO] : Starting timer for port 5555
[2024-04-20 18:04:04] [INFO] : Receiving data for port 5555
[2024-04-20 18:04:14] [WARNING] : Port 5555 timed out.
[2024-04-20 18:04:14] [INFO] : Marking port as FILTERED for port 5555
[2024-04-20 18:05:10] [INFO] : Scanning port 5555
[2024-04-20 18:05:10] [INFO] : Sent bytes from port 0 with length 40 bytes.
[2024-04-20 18:05:10] [INFO] : Starting timer for port 5555
[2024-04-20 18:05:10] [INFO] : Receiving data for port 5555
[2024-04-20 18:05:20] [WARNING] : Port 5555 timed out.
[2024-04-20 18:05:20] [INFO] : Marking port as FILTERED for port 5555
[2024-04-20 18:05:43] [INFO] : Scanning port 5555
[2024-04-20 18:05:43] [INFO] : Sent bytes from port 0 with length 40 bytes.
[2024-04-20 18:05:43] [INFO] : Starting timer for port 5555
[2024-04-20 18:05:43] [INFO] : Receiving data for port 5555
[2024-04-20 18:05:53] [WARNING] : Port 5555 timed out.
[2024-04-20 18:05:53] [INFO] : Marking port as FILTERED for port 5555
[2024-04-20 18:26:47] [INFO] : Scanning port 5555
[2024-04-20 18:26:47] [INFO] : Sent bytes from port 0 with length 40 bytes.
[2024-04-20 18:28:05] [INFO] : Scanning port 5555
[2024-04-20 18:28:05] [INFO] : Sent bytes from port 0 with length 40 bytes.
[2024-04-20 18:29:59] [INFO] : Scanning port 5555
[2024-04-20 18:29:59] [INFO] : Sent bytes from port 0 with length 40 bytes.
[2024-04-20 18:33:07] [INFO] : Scanning port 5555
[2024-04-20 18:33:07] [INFO] : Sent bytes from port 0 with length 40 bytes.
[2024-04-20 18:49:50] [INFO] : Scanning port 5555
[2024-04-20 18:49:50] [INFO] : Sent bytes from port 0 with length 40 bytes.
[2024-04-20 18:52:43] [INFO] : Scanning port 5555
[2024-04-20 18:52:43] [INFO] : Sent bytes from port 0 with length 40 bytes.
[2024-04-20 20:35:56] [INFO] : Scanning port 5555
[2024-04-20 20:35:56] [INFO] : Sent bytes from port 0 with length 40 bytes.
[2024-04-20 20:37:06] [INFO] : Scanning port 5555
[2024-04-20 20:37:06] [INFO] : Sent bytes from port 0 with length 40 bytes.
[2024-04-20 20:43:10] [INFO] : Scanning port 5555
[2024-04-20 20:43:10] [INFO] : Sent bytes from port 0 with length 40 bytes.
[2024-04-20 20:46:27] [INFO] : Scanning port 5555
[2024-04-20 20:46:27] [INFO] : Sent bytes from port 0 with length 40 bytes.
[2024-04-20 20:47:05] [INFO] : Scanning port 5555
[2024-04-20 20:47:05] [INFO] : Sent bytes from port 0 with length 40 bytes.
[2024-04-20 20:47:06] [INFO] : Scanning port 5555
[2024-04-20 20:47:06] [INFO] : Sent bytes from port 0 with length 40 bytes.
[2024-04-20 20:47:19] [INFO] : Scanning port 5555
[2024-04-20 20:53:52] [INFO] : Scanning port 5555
[2024-04-20 20:53:52] [INFO] : Sent bytes from port 0 with length 40 bytes.
[2024-04-20 20:55:01] [INFO] : Scanning port 5555
[2024-04-20 20:55:01] [INFO] : Sent bytes from port 0 with length 40 bytes.
[2024-04-20 20:55:01] [INFO] : Starting timer for port 5555
[2024-04-20 20:55:01] [INFO] : Receiving data for port 5555
[2024-04-20 20:55:11] [WARNING] : Port 5555 timed out.
[2024-04-20 20:55:11] [INFO] : Marking port as FILTERED for port 5555
[2024-04-20 20:56:14] [INFO] : Scanning port 5555
[2024-04-20 20:56:14] [INFO] : Sent bytes from port 0 with length 40 bytes.
[2024-04-20 20:56:14] [INFO] : Starting timer for port 5555
[2024-04-20 20:56:14] [INFO] : Receiving data for port 5555
[2024-04-20 20:56:24] [WARNING] : Port 5555 timed out.
[2024-04-20 20:56:24] [INFO] : Marking port as FILTERED for port 5555
[2024-04-20 20:58:41] [INFO] : Scanning port 5555
[2024-04-20 20:58:41] [INFO] : Sent bytes from port 0 with length 40 bytes.
[2024-04-20 20:58:41] [INFO] : Starting timer for port 5555
[2024-04-20 20:58:41] [INFO] : Receiving data for port 5555
[2024-04-20 20:59:04] [INFO] : Scanning port 443
[2024-04-20 20:59:04] [INFO] : Sent bytes from port 0 with length 40 bytes.
[2024-04-20 20:59:04] [INFO] : Starting timer for port 443
[2024-04-20 20:59:04] [INFO] : Receiving data for port 443
[2024-04-20 20:59:14] [WARNING] : Port 443 timed out.
[2024-04-20 20:59:14] [INFO] : Marking port as FILTERED for port 443
[2024-04-20 21:03:43] [INFO] : Scanning port 5555
[2024-04-20 21:03:43] [INFO] : Sent bytes from port 0 with length 40 bytes.
[2024-04-20 21:03:43] [INFO] : Starting timer for port 5555
[2024-04-20 21:03:43] [INFO] : Receiving data for port 5555
[2024-04-20 21:03:53] [WARNING] : Port 5555 timed out.
[2024-04-20 21:03:53] [INFO] : Marking port as FILTERED for port 5555
